 Processing passed argument "iseed=14234"
 Parameter: iseed <- "14234"
 Processing passed argument "temp=300"
 Parameter: temp <- "300"
1
                 Chemistry at HARvard Macromolecular Mechanics
                   (CHARMM) - Developmental Version 35b1     August 15, 2008   
       Copyright(c) 1984-2001  President and Fellows of Harvard College
                              All Rights Reserved
      Current operating system: Linux-2.6.24.4-64.fc8(x86_64)@master
                 Created on  3/26/14 at 11:26:21 by user: javidi      

            Maximum number of ATOMS:     25140, and RESidues:       14000
            Current HEAP size:         2048000, and STACK size:    500000

 Processing passed argument "iseed=14234"
 Parameter: ISEED <- "14234"
 Processing passed argument "temp=300"
 Parameter: TEMP <- "300"
 RDTITL> *CHARMM SCRIPT TO READ PDB FILE
 RDTITL> *
  
 CHARMM>     
  
 CHARMM>    set k 0
 Parameter: K <- "0"
  
 CHARMM>     
  
 CHARMM>    bomlev -1
  
 CHARMM>     
  
 CHARMM>    open unit 1 read form name ch1_2bead.rtf
 VOPEN> Attempting to open::ch1_2bead.rtf::
 OPNLGU> Unit  1 opened for READONLY access to ch1_2bead.rtf
  
 CHARMM>    read rtf card unit 1
 MAINIO> Residue topology file being read from unit   1.
 TITLE> * TOPOLOGY FILE FOR A SINGLE BEAD GO MODEL SYSTEM
 TITLE> 28 6
  
 CHARMM>    close unit 1
 VCLOSE: Closing unit    1 with status "KEEP"
  
 CHARMM>     
  
 CHARMM>    open unit 1 read form name ch1_2bead.prm
 VOPEN> Attempting to open::ch1_2bead.prm::
 OPNLGU> Unit  1 opened for READONLY access to ch1_2bead.prm
  
 CHARMM>    read param card unit 1

          PARAMETER FILE BEING READ FROM UNIT  1
 TITLE>  
 RDTITL> No title read.
 PARMIO> NONBOND, HBOND lists and IMAGE atoms cleared.
  
 CHARMM>    close unit 1
 VCLOSE: Closing unit    1 with status "KEEP"
  
 CHARMM>     
  
 CHARMM>    READ SEQUENCE CARD
 MAINIO> Sequence information being read from unit   5.
 RDTITL> * CLPY
 RDTITL> *
  
 SEQRDR>    93
  
 SEQRDR>    P1 P2 P3 P4 P5 P6 P7 P8 P9 P10 P11 P12 P13 P14 P15
  
 SEQRDR>    P16 P17 P18 P19 P20 P21 P22 P23 P24 P25 P26 P27 P28 P29 P30 P31
  
 SEQRDR>    P32 P33 P34 P35 P36 P37 P38 P39 P40 P41 P42 P43 P44 P45 P46 P47
  
 SEQRDR>    P48 P49 P50 P51 P52 P53 P54 P55 P56 P57 P58 P59 P60 P61 P62 P63
  
 SEQRDR>    P64 P65 P66 P67 P68 P69 P70 P71 P72 P73 P74 P75 P76 P77 P78 P79
  
 SEQRDR>    P80 P81 P82 P83 P84 P85 P86 P87 P88 P89 P90 P91 P92 P93

          RESIDUE SEQUENCE --    93 RESIDUES
          P1  P2  P3  P4  P5  P6  P7  P8  P9  P10 P11 P12 P13 P14 P15 P16 P17 P18 P19 P20 
          P21 P22 P23 P24 P25 P26 P27 P28 P29 P30 P31 P32 P33 P34 P35 P36 P37 P38 P39 P40 
          P41 P42 P43 P44 P45 P46 P47 P48 P49 P50 P51 P52 P53 P54 P55 P56 P57 P58 P59 P60 
          P61 P62 P63 P64 P65 P66 P67 P68 P69 P70 P71 P72 P73 P74 P75 P76 P77 P78 P79 P80 
          P81 P82 P83 P84 P85 P86 P87 P88 P89 P90 P91 P92 P93 
  
 CHARMM>     
  
 CHARMM>    generate CH1   setup
 NO PATCHING WILL BE DONE ON THE FIRST RESIDUE
 NO PATCHING WILL BE DONE ON THE LAST  RESIDUE
 <CODES>: No angle parameters for    31 ( B11  A11  A12 )
 <CODES>: No angle parameters for    32 ( A11  A12  A13 )
 <CODES>: No angle parameters for    50 ( B18  A18  A19 )
 <CODES>: No angle parameters for    51 ( A18  A19  A20 )
 <CODES>: No angle parameters for    63 ( B23  A23  A24 )
 <CODES>: No angle parameters for    64 ( A23  A24  A25 )
 <CODES>: No angle parameters for   100 ( B36  A36  A37 )
 <CODES>: No angle parameters for   101 ( A36  A37  A38 )
 <CODES>: No angle parameters for   113 ( B41  A41  A42 )
 <CODES>: No angle parameters for   114 ( A41  A42  A43 )
 <CODES>: A TOTAL OF   10 MISSING PARAMETERS

      ***** LEVEL -1 WARNING FROM <CODES> *****
      ***** CODES> MISSING PARAMETERS
      ******************************************
      BOMLEV ( -1) IS REACHED - TERMINATING. WRNLEV IS  5


                                                  
                            /---------\           
                           /           \          
                          /             \         
                         /               \        
                         !  XXXX   XXXX  !        
                         !  XXXX   XXXX  !        
                         !  XXX     XXX  !        
                         !       X       !        
                          --\   XXX   /--         
                           ! !  XXX  ! !          
                           ! !       ! !          
                           ! I I I I I !          
                           !  I I I I  !          
                            \         /           
                             --     --            
                               \---/              
                        XXX             XXX       
                       XXXX             XXXX      
                       XXXXX           XXXXX      
                          XXX         XXX         
                            XXX     XXX           
                               XXXXX              
                              XXX XXX             
                            XXX     XXX           
                          XXX         XXX         
                       XXXXX           XXXXX      
                       XXXX             XXXX      
                        XXX             XXX       
                                                  
                                                  
 Execution terminated due to the detection of a fatal error.

                    ABNORMAL TERMINATION
                    MAXIMUM STACK SPACE USED IS   32024
                    STACK CURRENTLY IN USE IS       182
                    MOST SEVERE WARNING WAS AT LEVEL -1
                    HEAP PRINTOUT-  HEAP SIZE          2048000
                    SPACE CURRENTLY IN USE IS             1948
                    MAXIMUM SPACE USED IS                 1948
                    FREE LIST
  PRINHP> ADDRESS:               1 LENGTH:         2046052 NEXT:               0

                    $$$$$ JOB ACCOUNTING INFORMATION $$$$$
                     ELAPSED TIME:     0.10  SECONDS 
                         CPU TIME:     0.09  SECONDS 
